{
  message: 'Initializing CORS middleware',
  level: 'info',
  timestamp: '2022-12-20 21:14:42'
}
{
  message: 'Initializing CORS middleware',
  level: 'info',
  timestamp: '2022-12-20 21:15:20'
}
{
  message: 'Initializing HTTP middleware',
  level: 'info',
  timestamp: '2022-12-20 21:15:20'
}
{
  message: 'Initializing routes',
  level: 'info',
  timestamp: '2022-12-20 21:15:20'
}
{
  message: 'Database :: Loading...',
  level: 'info',
  timestamp: '2022-12-20 21:15:20'
}
{
  message: 'Server :: Loading...',
  level: 'info',
  timestamp: '2022-12-20 21:15:20'
}
{
  message: 'Initializing CORS middleware',
  level: 'info',
  timestamp: '2022-12-20 21:16:44'
}
{
  message: 'Initializing HTTP middleware',
  level: 'info',
  timestamp: '2022-12-20 21:16:44'
}
{
  message: 'Initializing routes',
  level: 'info',
  timestamp: '2022-12-20 21:16:44'
}
{
  message: 'Database :: Loading...',
  level: 'info',
  timestamp: '2022-12-20 21:16:44'
}
{
  message: 'Server :: Loading...',
  level: 'info',
  timestamp: '2022-12-20 21:16:44'
}
{
  message: 'Initializing CORS middleware',
  level: 'info',
  timestamp: '2022-12-20 21:17:15'
}
{
  message: 'Initializing HTTP middleware',
  level: 'info',
  timestamp: '2022-12-20 21:17:15'
}
{
  message: 'Initializing routes',
  level: 'info',
  timestamp: '2022-12-20 21:17:15'
}
{
  message: 'Database :: Loading...',
  level: 'info',
  timestamp: '2022-12-20 21:17:15'
}
{
  message: 'Server :: Loading...',
  level: 'info',
  timestamp: '2022-12-20 21:17:15'
}
{
  message: 'Postgres connection failed: SequelizeConnectionError: Ident authentication failed for user "postgres"',
  level: 'error',
  timestamp: '2022-12-20 21:17:15'
}
{
  message: 'Initializing CORS middleware',
  level: 'info',
  timestamp: '2022-12-20 21:18:05'
}
{
  message: 'Initializing HTTP middleware',
  level: 'info',
  timestamp: '2022-12-20 21:18:05'
}
{
  message: 'Initializing routes',
  level: 'info',
  timestamp: '2022-12-20 21:18:05'
}
{
  message: 'Database :: Loading...',
  level: 'info',
  timestamp: '2022-12-20 21:18:05'
}
{
  message: 'Server :: Loading...',
  level: 'info',
  timestamp: '2022-12-20 21:18:05'
}
{
  message: 'Initializing CORS middleware',
  level: 'info',
  timestamp: '2022-12-20 21:18:38'
}
{
  message: 'Initializing HTTP middleware',
  level: 'info',
  timestamp: '2022-12-20 21:18:38'
}
{
  message: 'Initializing routes',
  level: 'info',
  timestamp: '2022-12-20 21:18:38'
}
{
  message: 'Server :: Loading...',
  level: 'info',
  timestamp: '2022-12-20 21:18:38'
}
{
  message: 'Initializing CORS middleware',
  level: 'info',
  timestamp: '2022-12-20 21:19:21'
}
{
  message: 'Initializing HTTP middleware',
  level: 'info',
  timestamp: '2022-12-20 21:19:21'
}
{
  message: 'Initializing routes',
  level: 'info',
  timestamp: '2022-12-20 21:19:21'
}
{
  message: 'Server :: Loading...',
  level: 'info',
  timestamp: '2022-12-20 21:19:21'
}
{
  message: 'Initializing CORS middleware',
  level: 'info',
  timestamp: '2022-12-20 21:26:50'
}
{
  message: 'Initializing HTTP middleware',
  level: 'info',
  timestamp: '2022-12-20 21:26:50'
}
{
  message: 'Initializing routes',
  level: 'info',
  timestamp: '2022-12-20 21:26:50'
}
{
  message: 'Server :: Loading...',
  level: 'info',
  timestamp: '2022-12-20 21:26:50'
}
{
  message: 'Initializing CORS middleware',
  level: 'info',
  timestamp: '2022-12-20 21:30:46'
}
{
  message: 'Initializing HTTP middleware',
  level: 'info',
  timestamp: '2022-12-20 21:30:46'
}
{
  message: 'Initializing routes',
  level: 'info',
  timestamp: '2022-12-20 21:30:46'
}
{
  message: 'Server :: Loading...',
  level: 'info',
  timestamp: '2022-12-20 21:30:46'
}
{
  message: 'Initializing CORS middleware',
  level: 'info',
  timestamp: '2022-12-20 21:33:28'
}
{
  message: 'Initializing HTTP middleware',
  level: 'info',
  timestamp: '2022-12-20 21:33:28'
}
{
  message: 'Initializing routes',
  level: 'info',
  timestamp: '2022-12-20 21:33:28'
}
{
  message: 'Server :: Loading...',
  level: 'info',
  timestamp: '2022-12-20 21:33:28'
}
{
  message: 'Initializing CORS middleware',
  level: 'info',
  timestamp: '2022-12-20 21:34:22'
}
{
  message: 'Initializing HTTP middleware',
  level: 'info',
  timestamp: '2022-12-20 21:34:22'
}
{
  message: 'Initializing routes',
  level: 'info',
  timestamp: '2022-12-20 21:34:22'
}
{
  message: 'Server :: Loading...',
  level: 'info',
  timestamp: '2022-12-20 21:34:22'
}
{
  message: 'Initializing CORS middleware',
  level: 'info',
  timestamp: '2022-12-20 21:34:25'
}
{
  message: 'Initializing HTTP middleware',
  level: 'info',
  timestamp: '2022-12-20 21:34:25'
}
{
  message: 'Initializing routes',
  level: 'info',
  timestamp: '2022-12-20 21:34:25'
}
{
  message: 'Server :: Loading...',
  level: 'info',
  timestamp: '2022-12-20 21:34:25'
}
{
  message: 'Initializing CORS middleware',
  level: 'info',
  timestamp: '2022-12-20 21:34:27'
}
{
  message: 'Initializing HTTP middleware',
  level: 'info',
  timestamp: '2022-12-20 21:34:27'
}
{
  message: 'Initializing routes',
  level: 'info',
  timestamp: '2022-12-20 21:34:27'
}
{
  message: 'Server :: Loading...',
  level: 'info',
  timestamp: '2022-12-20 21:34:27'
}
{
  message: 'Initializing CORS middleware',
  level: 'info',
  timestamp: '2022-12-20 21:34:48'
}
{
  message: 'Initializing HTTP middleware',
  level: 'info',
  timestamp: '2022-12-20 21:34:48'
}
{
  message: 'Initializing routes',
  level: 'info',
  timestamp: '2022-12-20 21:34:48'
}
{
  message: 'Server :: Loading...',
  level: 'info',
  timestamp: '2022-12-20 21:34:48'
}
{
  message: 'Initializing CORS middleware',
  level: 'info',
  timestamp: '2022-12-20 21:35:06'
}
{
  message: 'Initializing HTTP middleware',
  level: 'info',
  timestamp: '2022-12-20 21:35:06'
}
{
  message: 'Initializing routes',
  level: 'info',
  timestamp: '2022-12-20 21:35:06'
}
{
  message: 'Server :: Loading...',
  level: 'info',
  timestamp: '2022-12-20 21:35:06'
}
{
  message: 'Initializing CORS middleware',
  level: 'info',
  timestamp: '2022-12-20 21:35:17'
}
{
  message: 'Initializing HTTP middleware',
  level: 'info',
  timestamp: '2022-12-20 21:35:17'
}
{
  message: 'Initializing routes',
  level: 'info',
  timestamp: '2022-12-20 21:35:17'
}
{
  message: 'Server :: Loading...',
  level: 'info',
  timestamp: '2022-12-20 21:35:17'
}
{
  message: 'Initializing CORS middleware',
  level: 'info',
  timestamp: '2022-12-20 21:37:48'
}
{
  message: 'Initializing HTTP middleware',
  level: 'info',
  timestamp: '2022-12-20 21:37:48'
}
{
  message: 'Initializing routes',
  level: 'info',
  timestamp: '2022-12-20 21:37:48'
}
{
  message: 'Server :: Loading...',
  level: 'info',
  timestamp: '2022-12-20 21:37:48'
}
{
  message: 'Initializing CORS middleware',
  level: 'info',
  timestamp: '2022-12-20 21:37:52'
}
{
  message: 'Initializing HTTP middleware',
  level: 'info',
  timestamp: '2022-12-20 21:37:52'
}
{
  message: 'Initializing routes',
  level: 'info',
  timestamp: '2022-12-20 21:37:52'
}
{
  message: 'Server :: Loading...',
  level: 'info',
  timestamp: '2022-12-20 21:37:52'
}
