{
  message: 'Postgres connection failed: SequelizeConnectionRefusedError: connect ECONNREFUSED ::1:5432',
  level: 'error',
  timestamp: '2022-12-15 23:04:03'
}
{
  message: 'Postgres connection failed: SequelizeConnectionRefusedError: connect ECONNREFUSED ::1:5432',
  level: 'error',
  timestamp: '2022-12-15 23:04:47'
}
{
  message: 'Postgres connection failed: SequelizeConnectionRefusedError: connect ECONNREFUSED ::1:5432',
  level: 'error',
  timestamp: '2022-12-15 23:05:01'
}
{
  message: 'Postgres connection failed: SequelizeConnectionRefusedError: connect ECONNREFUSED ::1:5432',
  level: 'error',
  timestamp: '2022-12-15 23:05:09'
}
{
  message: 'Postgres connection failed: SequelizeConnectionRefusedError: connect ECONNREFUSED ::1:5432',
  level: 'error',
  timestamp: '2022-12-15 23:10:05'
}
{
  message: 'Postgres connection failed: SequelizeConnectionRefusedError: connect ECONNREFUSED ::1:5432',
  level: 'error',
  timestamp: '2022-12-16 20:14:04'
}
{
  message: 'Postgres connection failed: SequelizeConnectionRefusedError: connect ECONNREFUSED ::1:5432',
  level: 'error',
  timestamp: '2022-12-16 20:14:45'
}
{
  message: 'Postgres connection failed: SequelizeConnectionRefusedError: connect ECONNREFUSED ::1:5432',
  level: 'error',
  timestamp: '2022-12-16 20:14:48'
}
{
  message: 'Postgres connection failed: SequelizeConnectionRefusedError: connect ECONNREFUSED ::1:5432',
  level: 'error',
  timestamp: '2022-12-17 00:52:18'
}
{
  message: 'Postgres connection failed: SequelizeConnectionRefusedError: connect ECONNREFUSED ::1:5432',
  level: 'error',
  timestamp: '2022-12-17 00:52:51'
}
{
  message: 'Postgres connection failed: SequelizeConnectionRefusedError: connect ECONNREFUSED ::1:5432',
  level: 'error',
  timestamp: '2022-12-17 00:57:48'
}
{
  message: 'Error occurred on GET /events =>SequelizeConnectionRefusedError: connect ECONNREFUSED ::1:5432',
  level: 'error',
  timestamp: '2022-12-17 00:59:01'
}
{
  message: 'Error occurred on GET /events =>SequelizeConnectionRefusedError: connect ECONNREFUSED ::1:5432',
  level: 'error',
  timestamp: '2022-12-17 00:59:28'
}
{
  message: 'Error occurred on POST /events =>SequelizeConnectionRefusedError: connect ECONNREFUSED ::1:5432',
  level: 'error',
  timestamp: '2022-12-17 00:59:46'
}
{
  message: 'Error occurred on POST /events =>SequelizeConnectionRefusedError: connect ECONNREFUSED ::1:5432',
  level: 'error',
  timestamp: '2022-12-17 01:01:31'
}
{
  message: 'Postgres connection failed: SequelizeConnectionRefusedError: connect ECONNREFUSED ::1:5432',
  level: 'error',
  timestamp: '2022-12-17 01:01:57'
}
{
  message: 'Error occurred on GET /events =>SequelizeConnectionRefusedError: connect ECONNREFUSED ::1:5432',
  level: 'error',
  timestamp: '2022-12-17 01:03:33'
}
{
  message: 'Postgres connection failed: SequelizeConnectionRefusedError: connect ECONNREFUSED ::1:5432',
  level: 'error',
  timestamp: '2022-12-17 01:03:47'
}
{
  message: 'Postgres connection failed: SequelizeConnectionRefusedError: connect ECONNREFUSED ::1:5432',
  level: 'error',
  timestamp: '2022-12-17 01:03:50'
}
{
  message: 'Postgres connection failed: SequelizeConnectionRefusedError: connect ECONNREFUSED ::1:5432',
  level: 'error',
  timestamp: '2022-12-17 01:04:09'
}
{
  message: 'Postgres connection failed: SequelizeConnectionRefusedError: connect ECONNREFUSED ::1:5432',
  level: 'error',
  timestamp: '2022-12-17 01:04:16'
}
{
  message: 'Postgres connection failed: SequelizeConnectionRefusedError: connect ECONNREFUSED ::1:5432',
  level: 'error',
  timestamp: '2022-12-17 01:04:19'
}
{
  message: 'Postgres connection failed: SequelizeConnectionRefusedError: connect ECONNREFUSED ::1:5432',
  level: 'error',
  timestamp: '2022-12-17 01:04:23'
}
{
  message: 'Error occurred on GET /events =>SequelizeConnectionRefusedError: connect ECONNREFUSED ::1:5432',
  level: 'error',
  timestamp: '2022-12-17 01:05:12'
}
{
  message: 'Error: listen EADDRINUSE: address already in use :::3000',
  level: 'error',
  timestamp: '2022-12-17 11:26:34'
}
{
  message: 'Postgres connection failed: SequelizeConnectionRefusedError: connect ECONNREFUSED 127.0.0.1:5432',
  level: 'error',
  timestamp: '2022-12-20 08:16:38'
}
{
  message: 'Postgres connection failed: SequelizeConnectionRefusedError: connect ECONNREFUSED 127.0.0.1:5432',
  level: 'error',
  timestamp: '2022-12-20 08:24:26'
}
{
  message: 'Postgres connection failed: SequelizeConnectionRefusedError: connect ECONNREFUSED 127.0.0.1:5432',
  level: 'error',
  timestamp: '2022-12-20 08:31:21'
}
{
  message: 'Postgres connection failed: SequelizeConnectionError: Ident authentication failed for user "kittycat"',
  level: 'error',
  timestamp: '2022-12-20 08:34:56'
}
{
  message: 'Postgres connection failed: SequelizeConnectionError: Ident authentication failed for user "kittycat"',
  level: 'error',
  timestamp: '2022-12-20 08:48:04'
}
{
  message: 'Postgres connection failed: SequelizeConnectionError: Ident authentication failed for user "kittycat"',
  level: 'error',
  timestamp: '2022-12-20 08:54:09'
}
{
  message: 'Postgres connection failed: SequelizeConnectionError: Ident authentication failed for user "kittycat"',
  level: 'error',
  timestamp: '2022-12-20 08:54:41'
}
{
  message: 'Postgres connection failed: SequelizeConnectionError: Ident authentication failed for user "kittycat"',
  level: 'error',
  timestamp: '2022-12-20 08:57:44'
}
{
  message: 'Postgres connection failed: SequelizeConnectionError: Ident authentication failed for user "kittycat"',
  level: 'error',
  timestamp: '2022-12-20 08:58:46'
}
{
  message: 'Postgres connection failed: SequelizeConnectionError: Ident authentication failed for user "kittycat"',
  level: 'error',
  timestamp: '2022-12-20 09:00:45'
}
{
  message: 'Postgres connection failed: SequelizeConnectionError: Ident authentication failed for user "kittycat"',
  level: 'error',
  timestamp: '2022-12-20 09:01:52'
}
{
  message: 'Postgres connection failed: SequelizeConnectionError: Ident authentication failed for user "kittycat"',
  level: 'error',
  timestamp: '2022-12-20 20:40:19'
}
{
  message: 'Postgres connection failed: SequelizeConnectionError: Ident authentication failed for user "kittycat"',
  level: 'error',
  timestamp: '2022-12-20 20:45:25'
}
{
  message: 'Postgres connection failed: SequelizeConnectionError: Ident authentication failed for user "kittycat"',
  level: 'error',
  timestamp: '2022-12-20 20:49:06'
}
{
  message: 'Postgres connection failed: SequelizeConnectionError: Ident authentication failed for user "kittycat"',
  level: 'error',
  timestamp: '2022-12-20 20:49:21'
}
{
  message: 'Postgres connection failed: SequelizeConnectionError: Ident authentication failed for user "kittycat"',
  level: 'error',
  timestamp: '2022-12-20 20:49:45'
}
{
  message: 'Postgres connection failed: SequelizeConnectionError: Ident authentication failed for user "kittycat"',
  level: 'error',
  timestamp: '2022-12-20 20:49:56'
}
{
  message: 'Postgres connection failed: SequelizeConnectionError: Ident authentication failed for user "kittycat"',
  level: 'error',
  timestamp: '2022-12-20 20:50:34'
}
{
  message: 'Postgres connection failed: SequelizeConnectionError: Ident authentication failed for user "postgres"',
  level: 'error',
  timestamp: '2022-12-20 20:50:59'
}
{
  message: 'Postgres connection failed: SequelizeConnectionError: Ident authentication failed for user "postgres"',
  level: 'error',
  timestamp: '2022-12-20 20:51:21'
}
{
  message: 'Postgres connection failed: SequelizeConnectionError: Ident authentication failed for user "postgres"',
  level: 'error',
  timestamp: '2022-12-20 20:53:25'
}
{
  message: 'Postgres connection failed: SequelizeConnectionError: Ident authentication failed for user "postgres"',
  level: 'error',
  timestamp: '2022-12-20 20:55:05'
}
